{"name": "test_register_missing_email", "status": "failed", "statusDetails": {"message": "AssertionError: assert 'Missing email or username' == 'Missing  or username'\n  \n  - Missing  or username\n  + Missing email or username\n  ?         +++++", "trace": "def test_register_missing_email():\n        response = requests.post(\n            f\"{BASE_URL}/register\",\n            json={\"password\": \"pistol\"},\n            headers=HEADERS\n        )\n        assert response.status_code == 400\n        data = response.json()\n>       assert data[\"error\"] == \"Missing  or username\"\nE       AssertionError: assert 'Missing email or username' == 'Missing  or username'\nE         \nE         - Missing  or username\nE         + Missing email or username\nE         ?         +++++\n\ntest_reqres.py:87: AssertionError"}, "start": 1763134009737, "stop": 1763134009890, "uuid": "0d9801b8-4d7e-49ec-830a-cb22b469c59f", "historyId": "206a3048c555cf3d9d1c56320c337d08", "testCaseId": "206a3048c555cf3d9d1c56320c337d08", "fullName": "test_reqres#test_register_missing_email", "labels": [{"name": "suite", "value": "test_reqres"}, {"name": "host", "value": "prt-mac-7b4f67"}, {"name": "thread", "value": "56747-MainThread"}, {"name": "framework", "value": "pytest"}, {"name": "language", "value": "cpython3"}, {"name": "package", "value": "test_reqres"}], "titlePath": ["test_reqres.py"]}